[13-Jun-2025 11:59:44 Europe/Berlin] Raw input received: {"date":"2025-06-13","attendance":[{"employee_id":8,"in_time":"2025-06-13 06:34:00","out_time":"2025-06-13 19:33:00","comments":"ok"}]}
[13-Jun-2025 11:59:44 Europe/Berlin] Decoded input: Array
(
    [date] => 2025-06-13
    [attendance] => Array
        (
            [0] => Array
                (
                    [employee_id] => 8
                    [in_time] => 2025-06-13 06:34:00
                    [out_time] => 2025-06-13 19:33:00
                    [comments] => ok
                )

        )

)

[13-Jun-2025 11:59:44 Europe/Berlin] Raw input received: {"date":"2025-06-13","attendance":[{"employee_id":8,"in_time":"2025-06-13 06:34:00","out_time":"2025-06-13 19:33:00","comments":"ok"}]}
[13-Jun-2025 11:59:44 Europe/Berlin] Decoded input: Array
(
    [date] => 2025-06-13
    [attendance] => Array
        (
            [0] => Array
                (
                    [employee_id] => 8
                    [in_time] => 2025-06-13 06:34:00
                    [out_time] => 2025-06-13 19:33:00
                    [comments] => ok
                )

        )

)

[13-Jun-2025 11:59:44 Europe/Berlin] Error in save_attendance.php: Failed to prepare update statement: Unknown column 'updated_at' in 'field list'
[13-Jun-2025 13:26:25 Europe/Berlin] Session data: Array
(
    [user_id] => 1
    [user_name] => pawan
    [user_role] => employee
)

[13-Jun-2025 13:26:25 Europe/Berlin] Creator ID from session: 1
[13-Jun-2025 13:26:25 Europe/Berlin] Session data: Array
(
    [user_id] => 1
    [user_name] => pawan
    [user_role] => employee
)

[13-Jun-2025 13:26:25 Europe/Berlin] Creator ID from session: 1
[13-Jun-2025 13:49:32 Europe/Berlin] Current timezone: Europe/Berlin
[13-Jun-2025 13:49:32 Europe/Berlin] Current local time: 2025-06-13 13:49:32
[13-Jun-2025 13:49:32 Europe/Berlin] Creator ID from session: 1
[13-Jun-2025 13:49:32 Europe/Berlin] Employee ID: 11, Local IN time: 2025-06-13 09:29:00, Converted IN time: 2025-06-13 07:29:00
[13-Jun-2025 13:49:32 Europe/Berlin] Employee ID: 11, Local OUT time: 2025-06-13 18:40:00, Converted OUT time: 2025-06-13 16:40:00
[13-Jun-2025 13:49:32 Europe/Berlin] Current timezone: Europe/Berlin
[13-Jun-2025 13:49:32 Europe/Berlin] Current local time: 2025-06-13 13:49:32
[13-Jun-2025 13:49:32 Europe/Berlin] Creator ID from session: 1
[13-Jun-2025 13:49:32 Europe/Berlin] Employee ID: 11, Local IN time: 2025-06-13 09:29:00, Converted IN time: 2025-06-13 07:29:00
[13-Jun-2025 13:49:32 Europe/Berlin] Employee ID: 11, Local OUT time: 2025-06-13 18:40:00, Converted OUT time: 2025-06-13 16:40:00
[13-Jun-2025 13:52:16 Europe/Berlin] Current timezone: Europe/Berlin
[13-Jun-2025 13:52:16 Europe/Berlin] Current local time: 2025-06-13 13:52:16
[13-Jun-2025 13:52:16 Europe/Berlin] Creator ID from session: 1
[13-Jun-2025 13:52:16 Europe/Berlin] Employee ID: 9, Local IN time: 2025-06-10 09:30:00, Converted IN time: 2025-06-10 07:30:00
[13-Jun-2025 13:52:16 Europe/Berlin] Employee ID: 9, Local OUT time: 2025-06-10 18:30:00, Converted OUT time: 2025-06-10 16:30:00
[13-Jun-2025 13:52:16 Europe/Berlin] Current timezone: Europe/Berlin
[13-Jun-2025 13:52:16 Europe/Berlin] Current local time: 2025-06-13 13:52:16
[13-Jun-2025 13:52:16 Europe/Berlin] Creator ID from session: 1
[13-Jun-2025 13:52:16 Europe/Berlin] Employee ID: 9, Local IN time: 2025-06-10 09:30:00, Converted IN time: 2025-06-10 07:30:00
[13-Jun-2025 13:52:16 Europe/Berlin] Employee ID: 9, Local OUT time: 2025-06-10 18:30:00, Converted OUT time: 2025-06-10 16:30:00
